<?xml version="1.0" encoding="UTF-8"?>
<!-- Generated by org.testng.reporters.JUnitReportReporter -->
<testsuite hostname="Sriram" failures="0" tests="10" name="com.test.DDTestClass" time="20.889" errors="0" timestamp="2024-01-14T13:53:26 IST" skipped="0">
  <testcase classname="com.test.DDTestClass" name="testPostUser" time="2.039"/>
  <system-out/>
  <testcase classname="com.test.DDTestClass" name="testPostUser" time="1.972"/>
  <system-out/>
  <testcase classname="com.test.DDTestClass" name="testPostUser" time="1.738"/>
  <system-out/>
  <testcase classname="com.test.DDTestClass" name="testPostUser" time="3.594"/>
  <system-out/>
  <testcase classname="com.test.DDTestClass" name="testPostUser" time="1.734"/>
  <system-out/>
  <testcase classname="com.test.DDTestClass" name="testDeleteUser" time="2.042"/>
  <system-out/>
  <testcase classname="com.test.DDTestClass" name="testDeleteUser" time="1.542"/>
  <system-out/>
  <testcase classname="com.test.DDTestClass" name="testDeleteUser" time="2.046"/>
  <system-out/>
  <testcase classname="com.test.DDTestClass" name="testDeleteUser" time="2.135"/>
  <system-out/>
  <testcase classname="com.test.DDTestClass" name="testDeleteUser" time="2.047"/>
  <system-out/>
</testsuite> <!-- com.test.DDTestClass -->
