<?xml version="1.0" encoding="UTF-8"?>
<!-- Generated by org.testng.reporters.JUnitReportReporter -->
<testsuite hostname="Sriram" failures="0" tests="1" name="com.utilities.ExtentReportClass" time="0.242" errors="0" timestamp="2024-01-12T13:17:08 IST" skipped="0">
  <testcase classname="com.utilities.ExtentReportClass" name="testExample" time="0.242"/>
  <system-out/>
</testsuite> <!-- com.utilities.ExtentReportClass -->
